# JRE version: OpenJDK Runtime Environment (8.0_292-b10) (build 1.8.0_292-8u292-b10-0ubuntu1~16.04.1-b10)
# Java VM: OpenJDK 64-Bit Server VM (25.292-b10 mixed mode linux-amd64 compressed oops)
Heap:
 PSYoungGen      total 17920K, used 11542K [0x00000000ec180000, 0x00000000ed580000, 0x0000000100000000)
  eden space 15360K, 58% used [0x00000000ec180000,0x00000000eca45db8,0x00000000ed080000)
  from space 2560K, 99% used [0x00000000ed300000,0x00000000ed57fc60,0x00000000ed580000)
  to   space 2560K, 0% used [0x00000000ed080000,0x00000000ed080000,0x00000000ed300000)
 ParOldGen       total 40960K, used 5099K [0x00000000c4400000, 0x00000000c6c00000, 0x00000000ec180000)
  object space 40960K, 12% used [0x00000000c4400000,0x00000000c48fad00,0x00000000c6c00000)
 Metaspace       used 22279K, capacity 22557K, committed 22912K, reserved 1069056K
  class space    used 2506K, capacity 2594K, committed 2688K, reserved 1048576K
GC Heap History (10 events):
Event: 1.458 GC heap before
{Heap before GC invocations=2 (full 0):
 PSYoungGen      total 17920K, used 4622K [0x00000000ec180000, 0x00000000ed580000, 0x0000000100000000)
  eden space 15360K, 13% used [0x00000000ec180000,0x00000000ec3879a0,0x00000000ed080000)
  from space 2560K, 99% used [0x00000000ed080000,0x00000000ed2fc020,0x00000000ed300000)
  to   space 2560K, 0% used [0x00000000ed300000,0x00000000ed300000,0x00000000ed580000)
 ParOldGen       total 40960K, used 5058K [0x00000000c4400000, 0x00000000c6c00000, 0x00000000ec180000)
  object space 40960K, 12% used [0x00000000c4400000,0x00000000c48f0aa8,0x00000000c6c00000)
 Metaspace       used 15866K, capacity 16072K, committed 16384K, reserved 1062912K
  class space    used 1928K, capacity 2033K, committed 2048K, reserved 1048576K
Event: 1.463 GC heap after
Heap after GC invocations=2 (full 0):
 PSYoungGen      total 17920K, used 2528K [0x00000000ec180000, 0x00000000ed580000, 0x0000000100000000)
  eden space 15360K, 0% used [0x00000000ec180000,0x00000000ec180000,0x00000000ed080000)
  from space 2560K, 98% used [0x00000000ed300000,0x00000000ed578030,0x00000000ed580000)
  to   space 2560K, 0% used [0x00000000ed080000,0x00000000ed080000,0x00000000ed300000)
 ParOldGen       total 40960K, used 5332K [0x00000000c4400000, 0x00000000c6c00000, 0x00000000ec180000)
  object space 40960K, 13% used [0x00000000c4400000,0x00000000c49352d8,0x00000000c6c00000)
 Metaspace       used 15866K, capacity 16072K, committed 16384K, reserved 1062912K
  class space    used 1928K, capacity 2033K, committed 2048K, reserved 1048576K
}
Event: 1.463 GC heap before
{Heap before GC invocations=3 (full 1):
 PSYoungGen      total 17920K, used 2528K [0x00000000ec180000, 0x00000000ed580000, 0x0000000100000000)
  eden space 15360K, 0% used [0x00000000ec180000,0x00000000ec180000,0x00000000ed080000)
  from space 2560K, 98% used [0x00000000ed300000,0x00000000ed578030,0x00000000ed580000)
  to   space 2560K, 0% used [0x00000000ed080000,0x00000000ed080000,0x00000000ed300000)
 ParOldGen       total 40960K, used 5332K [0x00000000c4400000, 0x00000000c6c00000, 0x00000000ec180000)
  object space 40960K, 13% used [0x00000000c4400000,0x00000000c49352d8,0x00000000c6c00000)
 Metaspace       used 15866K, capacity 16072K, committed 16384K, reserved 1062912K
  class space    used 1928K, capacity 2033K, committed 2048K, reserved 1048576K
Event: 1.490 GC heap after
Heap after GC invocations=3 (full 1):
 PSYoungGen      total 17920K, used 0K [0x00000000ec180000, 0x00000000ed580000, 0x0000000100000000)
  eden space 15360K, 0% used [0x00000000ec180000,0x00000000ec180000,0x00000000ed080000)
  from space 2560K, 0% used [0x00000000ed300000,0x00000000ed300000,0x00000000ed580000)
  to   space 2560K, 0% used [0x00000000ed080000,0x00000000ed080000,0x00000000ed300000)
 ParOldGen       total 40960K, used 4010K [0x00000000c4400000, 0x00000000c6c00000, 0x00000000ec180000)
  object space 40960K, 9% used [0x00000000c4400000,0x00000000c47eaa10,0x00000000c6c00000)
 Metaspace       used 15866K, capacity 16072K, committed 16384K, reserved 1062912K
  class space    used 1928K, capacity 2033K, committed 2048K, reserved 1048576K
}
Event: 1.490 GC heap before
{Heap before GC invocations=4 (full 1):
 PSYoungGen      total 17920K, used 0K [0x00000000ec180000, 0x00000000ed580000, 0x0000000100000000)
  eden space 15360K, 0% used [0x00000000ec180000,0x00000000ec180000,0x00000000ed080000)
  from space 2560K, 0% used [0x00000000ed300000,0x00000000ed300000,0x00000000ed580000)
  to   space 2560K, 0% used [0x00000000ed080000,0x00000000ed080000,0x00000000ed300000)
 ParOldGen       total 40960K, used 4010K [0x00000000c4400000, 0x00000000c6c00000, 0x00000000ec180000)
  object space 40960K, 9% used [0x00000000c4400000,0x00000000c47eaa10,0x00000000c6c00000)
 Metaspace       used 15866K, capacity 16072K, committed 16384K, reserved 1062912K
  class space    used 1928K, capacity 2033K, committed 2048K, reserved 1048576K
Event: 1.491 GC heap after
Heap after GC invocations=4 (full 1):
 PSYoungGen      total 17920K, used 0K [0x00000000ec180000, 0x00000000ed580000, 0x0000000100000000)
  eden space 15360K, 0% used [0x00000000ec180000,0x00000000ec180000,0x00000000ed080000)
  from space 2560K, 0% used [0x00000000ed080000,0x00000000ed080000,0x00000000ed300000)
  to   space 2560K, 0% used [0x00000000ed300000,0x00000000ed300000,0x00000000ed580000)
 ParOldGen       total 40960K, used 4010K [0x00000000c4400000, 0x00000000c6c00000, 0x00000000ec180000)
  object space 40960K, 9% used [0x00000000c4400000,0x00000000c47eaa10,0x00000000c6c00000)
 Metaspace       used 15866K, capacity 16072K, committed 16384K, reserved 1062912K
  class space    used 1928K, capacity 2033K, committed 2048K, reserved 1048576K
}
Event: 1.491 GC heap before
{Heap before GC invocations=5 (full 2):
 PSYoungGen      total 17920K, used 0K [0x00000000ec180000, 0x00000000ed580000, 0x0000000100000000)
  eden space 15360K, 0% used [0x00000000ec180000,0x00000000ec180000,0x00000000ed080000)
  from space 2560K, 0% used [0x00000000ed080000,0x00000000ed080000,0x00000000ed300000)
  to   space 2560K, 0% used [0x00000000ed300000,0x00000000ed300000,0x00000000ed580000)
 ParOldGen       total 40960K, used 4010K [0x00000000c4400000, 0x00000000c6c00000, 0x00000000ec180000)
  object space 40960K, 9% used [0x00000000c4400000,0x00000000c47eaa10,0x00000000c6c00000)
 Metaspace       used 15866K, capacity 16072K, committed 16384K, reserved 1062912K
  class space    used 1928K, capacity 2033K, committed 2048K, reserved 1048576K
Event: 1.499 GC heap after
Heap after GC invocations=5 (full 2):
 PSYoungGen      total 17920K, used 0K [0x00000000ec180000, 0x00000000ed580000, 0x0000000100000000)
  eden space 15360K, 0% used [0x00000000ec180000,0x00000000ec180000,0x00000000ed080000)
  from space 2560K, 0% used [0x00000000ed080000,0x00000000ed080000,0x00000000ed300000)
  to   space 2560K, 0% used [0x00000000ed300000,0x00000000ed300000,0x00000000ed580000)
 ParOldGen       total 40960K, used 4010K [0x00000000c4400000, 0x00000000c6c00000, 0x00000000ec180000)
  object space 40960K, 9% used [0x00000000c4400000,0x00000000c47eaa10,0x00000000c6c00000)
 Metaspace       used 15866K, capacity 16072K, committed 16384K, reserved 1062912K
  class space    used 1928K, capacity 2033K, committed 2048K, reserved 1048576K
}
Event: 2.045 GC heap before
{Heap before GC invocations=6 (full 2):
 PSYoungGen      total 17920K, used 15353K [0x00000000ec180000, 0x00000000ed580000, 0x0000000100000000)
  eden space 15360K, 99% used [0x00000000ec180000,0x00000000ed07e498,0x00000000ed080000)
  from space 2560K, 0% used [0x00000000ed080000,0x00000000ed080000,0x00000000ed300000)
  to   space 2560K, 0% used [0x00000000ed300000,0x00000000ed300000,0x00000000ed580000)
 ParOldGen       total 40960K, used 4010K [0x00000000c4400000, 0x00000000c6c00000, 0x00000000ec180000)
  object space 40960K, 9% used [0x00000000c4400000,0x00000000c47eaa10,0x00000000c6c00000)
 Metaspace       used 20793K, capacity 21011K, committed 21120K, reserved 1069056K
  class space    used 2354K, capacity 2427K, committed 2432K, reserved 1048576K
Event: 2.047 GC heap after
Heap after GC invocations=6 (full 2):
 PSYoungGen      total 17920K, used 2559K [0x00000000ec180000, 0x00000000ed580000, 0x0000000100000000)
  eden space 15360K, 0% used [0x00000000ec180000,0x00000000ec180000,0x00000000ed080000)
  from space 2560K, 99% used [0x00000000ed300000,0x00000000ed57fc60,0x00000000ed580000)
  to   space 2560K, 0% used [0x00000000ed080000,0x00000000ed080000,0x00000000ed300000)
 ParOldGen       total 40960K, used 5099K [0x00000000c4400000, 0x00000000c6c00000, 0x00000000ec180000)
  object space 40960K, 12% used [0x00000000c4400000,0x00000000c48fad00,0x00000000c6c00000)
 Metaspace       used 20793K, capacity 21011K, committed 21120K, reserved 1069056K
  class space    used 2354K, capacity 2427K, committed 2432K, reserved 1048576K
}

