# JRE version: OpenJDK Runtime Environment (8.0_292-b10) (build 1.8.0_292-8u292-b10-0ubuntu1~16.04.1-b10)
# Java VM: OpenJDK 64-Bit Server VM (25.292-b10 mixed mode linux-amd64 compressed oops)
Heap:
 PSYoungGen      total 17920K, used 11867K [0x00000000ec180000, 0x00000000ed580000, 0x0000000100000000)
  eden space 15360K, 60% used [0x00000000ec180000,0x00000000eca9e128,0x00000000ed080000)
  from space 2560K, 98% used [0x00000000ed300000,0x00000000ed578c70,0x00000000ed580000)
  to   space 2560K, 0% used [0x00000000ed080000,0x00000000ed080000,0x00000000ed300000)
 ParOldGen       total 40960K, used 5085K [0x00000000c4400000, 0x00000000c6c00000, 0x00000000ec180000)
  object space 40960K, 12% used [0x00000000c4400000,0x00000000c48f7728,0x00000000c6c00000)
 Metaspace       used 22306K, capacity 22589K, committed 22912K, reserved 1069056K
  class space    used 2514K, capacity 2626K, committed 2688K, reserved 1048576K
GC Heap History (10 events):
Event: 1.256 GC heap before
{Heap before GC invocations=2 (full 0):
 PSYoungGen      total 17920K, used 4606K [0x00000000ec180000, 0x00000000ed580000, 0x0000000100000000)
  eden space 15360K, 13% used [0x00000000ec180000,0x00000000ec387948,0x00000000ed080000)
  from space 2560K, 98% used [0x00000000ed080000,0x00000000ed2f8010,0x00000000ed300000)
  to   space 2560K, 0% used [0x00000000ed300000,0x00000000ed300000,0x00000000ed580000)
 ParOldGen       total 40960K, used 2013K [0x00000000c4400000, 0x00000000c6c00000, 0x00000000ec180000)
  object space 40960K, 4% used [0x00000000c4400000,0x00000000c45f7678,0x00000000c6c00000)
 Metaspace       used 15828K, capacity 16040K, committed 16384K, reserved 1062912K
  class space    used 1922K, capacity 2001K, committed 2048K, reserved 1048576K
Event: 1.264 GC heap after
Heap after GC invocations=2 (full 0):
 PSYoungGen      total 17920K, used 2537K [0x00000000ec180000, 0x00000000ed580000, 0x0000000100000000)
  eden space 15360K, 0% used [0x00000000ec180000,0x00000000ec180000,0x00000000ed080000)
  from space 2560K, 99% used [0x00000000ed300000,0x00000000ed57a440,0x00000000ed580000)
  to   space 2560K, 0% used [0x00000000ed080000,0x00000000ed080000,0x00000000ed300000)
 ParOldGen       total 40960K, used 2278K [0x00000000c4400000, 0x00000000c6c00000, 0x00000000ec180000)
  object space 40960K, 5% used [0x00000000c4400000,0x00000000c4639a98,0x00000000c6c00000)
 Metaspace       used 15828K, capacity 16040K, committed 16384K, reserved 1062912K
  class space    used 1922K, capacity 2001K, committed 2048K, reserved 1048576K
}
Event: 1.264 GC heap before
{Heap before GC invocations=3 (full 1):
 PSYoungGen      total 17920K, used 2537K [0x00000000ec180000, 0x00000000ed580000, 0x0000000100000000)
  eden space 15360K, 0% used [0x00000000ec180000,0x00000000ec180000,0x00000000ed080000)
  from space 2560K, 99% used [0x00000000ed300000,0x00000000ed57a440,0x00000000ed580000)
  to   space 2560K, 0% used [0x00000000ed080000,0x00000000ed080000,0x00000000ed300000)
 ParOldGen       total 40960K, used 2278K [0x00000000c4400000, 0x00000000c6c00000, 0x00000000ec180000)
  object space 40960K, 5% used [0x00000000c4400000,0x00000000c4639a98,0x00000000c6c00000)
 Metaspace       used 15828K, capacity 16040K, committed 16384K, reserved 1062912K
  class space    used 1922K, capacity 2001K, committed 2048K, reserved 1048576K
Event: 1.288 GC heap after
Heap after GC invocations=3 (full 1):
 PSYoungGen      total 17920K, used 0K [0x00000000ec180000, 0x00000000ed580000, 0x0000000100000000)
  eden space 15360K, 0% used [0x00000000ec180000,0x00000000ec180000,0x00000000ed080000)
  from space 2560K, 0% used [0x00000000ed300000,0x00000000ed300000,0x00000000ed580000)
  to   space 2560K, 0% used [0x00000000ed080000,0x00000000ed080000,0x00000000ed300000)
 ParOldGen       total 40960K, used 4010K [0x00000000c4400000, 0x00000000c6c00000, 0x00000000ec180000)
  object space 40960K, 9% used [0x00000000c4400000,0x00000000c47eaa68,0x00000000c6c00000)
 Metaspace       used 15828K, capacity 16040K, committed 16384K, reserved 1062912K
  class space    used 1922K, capacity 2001K, committed 2048K, reserved 1048576K
}
Event: 1.288 GC heap before
{Heap before GC invocations=4 (full 1):
 PSYoungGen      total 17920K, used 219K [0x00000000ec180000, 0x00000000ed580000, 0x0000000100000000)
  eden space 15360K, 1% used [0x00000000ec180000,0x00000000ec1b6e20,0x00000000ed080000)
  from space 2560K, 0% used [0x00000000ed300000,0x00000000ed300000,0x00000000ed580000)
  to   space 2560K, 0% used [0x00000000ed080000,0x00000000ed080000,0x00000000ed300000)
 ParOldGen       total 40960K, used 4010K [0x00000000c4400000, 0x00000000c6c00000, 0x00000000ec180000)
  object space 40960K, 9% used [0x00000000c4400000,0x00000000c47eaa68,0x00000000c6c00000)
 Metaspace       used 15828K, capacity 16040K, committed 16384K, reserved 1062912K
  class space    used 1922K, capacity 2001K, committed 2048K, reserved 1048576K
Event: 1.289 GC heap after
Heap after GC invocations=4 (full 1):
 PSYoungGen      total 17920K, used 96K [0x00000000ec180000, 0x00000000ed580000, 0x0000000100000000)
  eden space 15360K, 0% used [0x00000000ec180000,0x00000000ec180000,0x00000000ed080000)
  from space 2560K, 3% used [0x00000000ed080000,0x00000000ed098000,0x00000000ed300000)
  to   space 2560K, 0% used [0x00000000ed300000,0x00000000ed300000,0x00000000ed580000)
 ParOldGen       total 40960K, used 4010K [0x00000000c4400000, 0x00000000c6c00000, 0x00000000ec180000)
  object space 40960K, 9% used [0x00000000c4400000,0x00000000c47eaa68,0x00000000c6c00000)
 Metaspace       used 15828K, capacity 16040K, committed 16384K, reserved 1062912K
  class space    used 1922K, capacity 2001K, committed 2048K, reserved 1048576K
}
Event: 1.289 GC heap before
{Heap before GC invocations=5 (full 2):
 PSYoungGen      total 17920K, used 96K [0x00000000ec180000, 0x00000000ed580000, 0x0000000100000000)
  eden space 15360K, 0% used [0x00000000ec180000,0x00000000ec180000,0x00000000ed080000)
  from space 2560K, 3% used [0x00000000ed080000,0x00000000ed098000,0x00000000ed300000)
  to   space 2560K, 0% used [0x00000000ed300000,0x00000000ed300000,0x00000000ed580000)
 ParOldGen       total 40960K, used 4010K [0x00000000c4400000, 0x00000000c6c00000, 0x00000000ec180000)
  object space 40960K, 9% used [0x00000000c4400000,0x00000000c47eaa68,0x00000000c6c00000)
 Metaspace       used 15828K, capacity 16040K, committed 16384K, reserved 1062912K
  class space    used 1922K, capacity 2001K, committed 2048K, reserved 1048576K
Event: 1.296 GC heap after
Heap after GC invocations=5 (full 2):
 PSYoungGen      total 17920K, used 0K [0x00000000ec180000, 0x00000000ed580000, 0x0000000100000000)
  eden space 15360K, 0% used [0x00000000ec180000,0x00000000ec180000,0x00000000ed080000)
  from space 2560K, 0% used [0x00000000ed080000,0x00000000ed080000,0x00000000ed300000)
  to   space 2560K, 0% used [0x00000000ed300000,0x00000000ed300000,0x00000000ed580000)
 ParOldGen       total 40960K, used 4010K [0x00000000c4400000, 0x00000000c6c00000, 0x00000000ec180000)
  object space 40960K, 9% used [0x00000000c4400000,0x00000000c47eaba8,0x00000000c6c00000)
 Metaspace       used 15828K, capacity 16040K, committed 16384K, reserved 1062912K
  class space    used 1922K, capacity 2001K, committed 2048K, reserved 1048576K
}
Event: 1.854 GC heap before
{Heap before GC invocations=6 (full 2):
 PSYoungGen      total 17920K, used 15360K [0x00000000ec180000, 0x00000000ed580000, 0x0000000100000000)
  eden space 15360K, 100% used [0x00000000ec180000,0x00000000ed080000,0x00000000ed080000)
  from space 2560K, 0% used [0x00000000ed080000,0x00000000ed080000,0x00000000ed300000)
  to   space 2560K, 0% used [0x00000000ed300000,0x00000000ed300000,0x00000000ed580000)
 ParOldGen       total 40960K, used 4010K [0x00000000c4400000, 0x00000000c6c00000, 0x00000000ec180000)
  object space 40960K, 9% used [0x00000000c4400000,0x00000000c47eaba8,0x00000000c6c00000)
 Metaspace       used 20755K, capacity 20947K, committed 21120K, reserved 1069056K
  class space    used 2353K, capacity 2427K, committed 2432K, reserved 1048576K
Event: 1.857 GC heap after
Heap after GC invocations=6 (full 2):
 PSYoungGen      total 17920K, used 2531K [0x00000000ec180000, 0x00000000ed580000, 0x0000000100000000)
  eden space 15360K, 0% used [0x00000000ec180000,0x00000000ec180000,0x00000000ed080000)
  from space 2560K, 98% used [0x00000000ed300000,0x00000000ed578c70,0x00000000ed580000)
  to   space 2560K, 0% used [0x00000000ed080000,0x00000000ed080000,0x00000000ed300000)
 ParOldGen       total 40960K, used 5085K [0x00000000c4400000, 0x00000000c6c00000, 0x00000000ec180000)
  object space 40960K, 12% used [0x00000000c4400000,0x00000000c48f7728,0x00000000c6c00000)
 Metaspace       used 20755K, capacity 20947K, committed 21120K, reserved 1069056K
  class space    used 2353K, capacity 2427K, committed 2432K, reserved 1048576K
}

