# JRE version: OpenJDK Runtime Environment (8.0_292-b10) (build 1.8.0_292-8u292-b10-0ubuntu1~16.04.1-b10)
# Java VM: OpenJDK 64-Bit Server VM (25.292-b10 mixed mode linux-amd64 compressed oops)
Heap:
 PSYoungGen      total 17920K, used 11602K [0x00000000ec180000, 0x00000000ed580000, 0x0000000100000000)
  eden space 15360K, 59% used [0x00000000ec180000,0x00000000eca5c038,0x00000000ed080000)
  from space 2560K, 98% used [0x00000000ed300000,0x00000000ed5788e8,0x00000000ed580000)
  to   space 2560K, 0% used [0x00000000ed080000,0x00000000ed080000,0x00000000ed300000)
 ParOldGen       total 40960K, used 5121K [0x00000000c4400000, 0x00000000c6c00000, 0x00000000ec180000)
  object space 40960K, 12% used [0x00000000c4400000,0x00000000c49006c0,0x00000000c6c00000)
 Metaspace       used 22253K, capacity 22493K, committed 22912K, reserved 1069056K
  class space    used 2506K, capacity 2594K, committed 2688K, reserved 1048576K
GC Heap History (10 events):
Event: 1.043 GC heap before
{Heap before GC invocations=2 (full 0):
 PSYoungGen      total 17920K, used 4363K [0x00000000ec180000, 0x00000000ed580000, 0x0000000100000000)
  eden space 15360K, 11% used [0x00000000ec180000,0x00000000ec346f30,0x00000000ed080000)
  from space 2560K, 99% used [0x00000000ed080000,0x00000000ed2fc020,0x00000000ed300000)
  to   space 2560K, 0% used [0x00000000ed300000,0x00000000ed300000,0x00000000ed580000)
 ParOldGen       total 40960K, used 2047K [0x00000000c4400000, 0x00000000c6c00000, 0x00000000ec180000)
  object space 40960K, 4% used [0x00000000c4400000,0x00000000c45ffdc8,0x00000000c6c00000)
 Metaspace       used 15905K, capacity 16136K, committed 16384K, reserved 1062912K
  class space    used 1930K, capacity 2033K, committed 2048K, reserved 1048576K
Event: 1.048 GC heap after
Heap after GC invocations=2 (full 0):
 PSYoungGen      total 17920K, used 2546K [0x00000000ec180000, 0x00000000ed580000, 0x0000000100000000)
  eden space 15360K, 0% used [0x00000000ec180000,0x00000000ec180000,0x00000000ed080000)
  from space 2560K, 99% used [0x00000000ed300000,0x00000000ed57c850,0x00000000ed580000)
  to   space 2560K, 0% used [0x00000000ed080000,0x00000000ed080000,0x00000000ed300000)
 ParOldGen       total 40960K, used 2256K [0x00000000c4400000, 0x00000000c6c00000, 0x00000000ec180000)
  object space 40960K, 5% used [0x00000000c4400000,0x00000000c46341e8,0x00000000c6c00000)
 Metaspace       used 15905K, capacity 16136K, committed 16384K, reserved 1062912K
  class space    used 1930K, capacity 2033K, committed 2048K, reserved 1048576K
}
Event: 1.048 GC heap before
{Heap before GC invocations=3 (full 1):
 PSYoungGen      total 17920K, used 2546K [0x00000000ec180000, 0x00000000ed580000, 0x0000000100000000)
  eden space 15360K, 0% used [0x00000000ec180000,0x00000000ec180000,0x00000000ed080000)
  from space 2560K, 99% used [0x00000000ed300000,0x00000000ed57c850,0x00000000ed580000)
  to   space 2560K, 0% used [0x00000000ed080000,0x00000000ed080000,0x00000000ed300000)
 ParOldGen       total 40960K, used 2256K [0x00000000c4400000, 0x00000000c6c00000, 0x00000000ec180000)
  object space 40960K, 5% used [0x00000000c4400000,0x00000000c46341e8,0x00000000c6c00000)
 Metaspace       used 15905K, capacity 16136K, committed 16384K, reserved 1062912K
  class space    used 1930K, capacity 2033K, committed 2048K, reserved 1048576K
Event: 1.075 GC heap after
Heap after GC invocations=3 (full 1):
 PSYoungGen      total 17920K, used 0K [0x00000000ec180000, 0x00000000ed580000, 0x0000000100000000)
  eden space 15360K, 0% used [0x00000000ec180000,0x00000000ec180000,0x00000000ed080000)
  from space 2560K, 0% used [0x00000000ed300000,0x00000000ed300000,0x00000000ed580000)
  to   space 2560K, 0% used [0x00000000ed080000,0x00000000ed080000,0x00000000ed300000)
 ParOldGen       total 40960K, used 4014K [0x00000000c4400000, 0x00000000c6c00000, 0x00000000ec180000)
  object space 40960K, 9% used [0x00000000c4400000,0x00000000c47eba58,0x00000000c6c00000)
 Metaspace       used 15905K, capacity 16136K, committed 16384K, reserved 1062912K
  class space    used 1930K, capacity 2033K, committed 2048K, reserved 1048576K
}
Event: 1.076 GC heap before
{Heap before GC invocations=4 (full 1):
 PSYoungGen      total 17920K, used 153K [0x00000000ec180000, 0x00000000ed580000, 0x0000000100000000)
  eden space 15360K, 0% used [0x00000000ec180000,0x00000000ec1a6660,0x00000000ed080000)
  from space 2560K, 0% used [0x00000000ed300000,0x00000000ed300000,0x00000000ed580000)
  to   space 2560K, 0% used [0x00000000ed080000,0x00000000ed080000,0x00000000ed300000)
 ParOldGen       total 40960K, used 4014K [0x00000000c4400000, 0x00000000c6c00000, 0x00000000ec180000)
  object space 40960K, 9% used [0x00000000c4400000,0x00000000c47eba58,0x00000000c6c00000)
 Metaspace       used 15905K, capacity 16136K, committed 16384K, reserved 1062912K
  class space    used 1930K, capacity 2033K, committed 2048K, reserved 1048576K
Event: 1.076 GC heap after
Heap after GC invocations=4 (full 1):
 PSYoungGen      total 17920K, used 32K [0x00000000ec180000, 0x00000000ed580000, 0x0000000100000000)
  eden space 15360K, 0% used [0x00000000ec180000,0x00000000ec180000,0x00000000ed080000)
  from space 2560K, 1% used [0x00000000ed080000,0x00000000ed088000,0x00000000ed300000)
  to   space 2560K, 0% used [0x00000000ed300000,0x00000000ed300000,0x00000000ed580000)
 ParOldGen       total 40960K, used 4014K [0x00000000c4400000, 0x00000000c6c00000, 0x00000000ec180000)
  object space 40960K, 9% used [0x00000000c4400000,0x00000000c47eba58,0x00000000c6c00000)
 Metaspace       used 15905K, capacity 16136K, committed 16384K, reserved 1062912K
  class space    used 1930K, capacity 2033K, committed 2048K, reserved 1048576K
}
Event: 1.076 GC heap before
{Heap before GC invocations=5 (full 2):
 PSYoungGen      total 17920K, used 32K [0x00000000ec180000, 0x00000000ed580000, 0x0000000100000000)
  eden space 15360K, 0% used [0x00000000ec180000,0x00000000ec180000,0x00000000ed080000)
  from space 2560K, 1% used [0x00000000ed080000,0x00000000ed088000,0x00000000ed300000)
  to   space 2560K, 0% used [0x00000000ed300000,0x00000000ed300000,0x00000000ed580000)
 ParOldGen       total 40960K, used 4014K [0x00000000c4400000, 0x00000000c6c00000, 0x00000000ec180000)
  object space 40960K, 9% used [0x00000000c4400000,0x00000000c47eba58,0x00000000c6c00000)
 Metaspace       used 15905K, capacity 16136K, committed 16384K, reserved 1062912K
  class space    used 1930K, capacity 2033K, committed 2048K, reserved 1048576K
Event: 1.084 GC heap after
Heap after GC invocations=5 (full 2):
 PSYoungGen      total 17920K, used 0K [0x00000000ec180000, 0x00000000ed580000, 0x0000000100000000)
  eden space 15360K, 0% used [0x00000000ec180000,0x00000000ec180000,0x00000000ed080000)
  from space 2560K, 0% used [0x00000000ed080000,0x00000000ed080000,0x00000000ed300000)
  to   space 2560K, 0% used [0x00000000ed300000,0x00000000ed300000,0x00000000ed580000)
 ParOldGen       total 40960K, used 4014K [0x00000000c4400000, 0x00000000c6c00000, 0x00000000ec180000)
  object space 40960K, 9% used [0x00000000c4400000,0x00000000c47ebab0,0x00000000c6c00000)
 Metaspace       used 15905K, capacity 16136K, committed 16384K, reserved 1062912K
  class space    used 1930K, capacity 2033K, committed 2048K, reserved 1048576K
}
Event: 1.650 GC heap before
{Heap before GC invocations=6 (full 2):
 PSYoungGen      total 17920K, used 15360K [0x00000000ec180000, 0x00000000ed580000, 0x0000000100000000)
  eden space 15360K, 100% used [0x00000000ec180000,0x00000000ed080000,0x00000000ed080000)
  from space 2560K, 0% used [0x00000000ed080000,0x00000000ed080000,0x00000000ed300000)
  to   space 2560K, 0% used [0x00000000ed300000,0x00000000ed300000,0x00000000ed580000)
 ParOldGen       total 40960K, used 4014K [0x00000000c4400000, 0x00000000c6c00000, 0x00000000ec180000)
  object space 40960K, 9% used [0x00000000c4400000,0x00000000c47ebab0,0x00000000c6c00000)
 Metaspace       used 20777K, capacity 21011K, committed 21120K, reserved 1069056K
  class space    used 2354K, capacity 2427K, committed 2432K, reserved 1048576K
Event: 1.653 GC heap after
Heap after GC invocations=6 (full 2):
 PSYoungGen      total 17920K, used 2530K [0x00000000ec180000, 0x00000000ed580000, 0x0000000100000000)
  eden space 15360K, 0% used [0x00000000ec180000,0x00000000ec180000,0x00000000ed080000)
  from space 2560K, 98% used [0x00000000ed300000,0x00000000ed5788e8,0x00000000ed580000)
  to   space 2560K, 0% used [0x00000000ed080000,0x00000000ed080000,0x00000000ed300000)
 ParOldGen       total 40960K, used 5121K [0x00000000c4400000, 0x00000000c6c00000, 0x00000000ec180000)
  object space 40960K, 12% used [0x00000000c4400000,0x00000000c49006c0,0x00000000c6c00000)
 Metaspace       used 20777K, capacity 21011K, committed 21120K, reserved 1069056K
  class space    used 2354K, capacity 2427K, committed 2432K, reserved 1048576K
}

